<?xml version="1.0" encoding="UTF-8"?>
<testsuite name="com.example.s26766bank.AccountTest" tests="7" skipped="0" failures="0" errors="0" timestamp="2024-01-28T17:00:09" hostname="GDA311-01" time="0.031">
  <properties/>
  <testcase name="testSetAndGetBalance()" classname="com.example.s26766bank.AccountTest" time="0.001"/>
  <testcase name="testDefaultValues()" classname="com.example.s26766bank.AccountTest" time="0.002"/>
  <testcase name="testSetAndGetPesel()" classname="com.example.s26766bank.AccountTest" time="0.001"/>
  <testcase name="testSetAndGetOwnerFirstName()" classname="com.example.s26766bank.AccountTest" time="0.0"/>
  <testcase name="testSetAndGetId()" classname="com.example.s26766bank.AccountTest" time="0.0"/>
  <testcase name="testSetAndGetOwnerLastName()" classname="com.example.s26766bank.AccountTest" time="0.011"/>
  <testcase name="testSetAndGetCurrency()" classname="com.example.s26766bank.AccountTest" time="0.003"/>
  <system-out><![CDATA[]]></system-out>
  <system-err><![CDATA[]]></system-err>
</testsuite>
