<?xml version="1.0" encoding="UTF-8"?>
<testsuite name="org.carrental.service.CarServiceTest" tests="7" skipped="0" failures="0" errors="0" timestamp="2023-11-05T15:10:25" hostname="GDA311-01" time="0.121">
  <properties/>
  <testcase name="[1] " classname="org.carrental.service.CarServiceTest" time="0.079"/>
  <testcase name="[2]   " classname="org.carrental.service.CarServiceTest" time="0.001"/>
  <testcase name="[3] null" classname="org.carrental.service.CarServiceTest" time="0.003"/>
  <testcase name="shouldNotCreateCarDueToValidation()" classname="org.carrental.service.CarServiceTest" time="0.004"/>
  <testcase name="shouldCorrectlyCreateCar()" classname="org.carrental.service.CarServiceTest" time="0.006"/>
  <testcase name="shouldThrowCarNotFoundExceptionWhenIdDoesNotExist()" classname="org.carrental.service.CarServiceTest" time="0.007"/>
  <testcase name="shouldNotReturnAnyCar()" classname="org.carrental.service.CarServiceTest" time="0.003"/>
  <system-out><![CDATA[]]></system-out>
  <system-err><![CDATA[]]></system-err>
</testsuite>
